<?xml version="1.0" encoding="utf-8"?><testsuites name="pytest tests"><testsuite name="pytest" errors="0" failures="0" skipped="0" tests="8" time="1.504" timestamp="2026-09-18T20:30:11.604351+00:00" hostname="agent-env-f4efd563-3d13-4e77-8cee-9dff7f963899"><testcase classname="tests.test_x_points_leaderboard" name="test_config_returns_points_map" time="0.335" /><testcase classname="tests.test_x_points_leaderboard" name="test_leaderboard_public_no_cookie" time="0.164" /><testcase classname="tests.test_x_points_leaderboard" name="test_me_has_points_field" time="0.334" /><testcase classname="tests.test_x_points_leaderboard" name="test_evm_save_then_conflict" time="0.164" /><testcase classname="tests.test_x_points_leaderboard" name="test_follow_verify_awards_points" time="0.093" /><testcase classname="tests.test_x_points_leaderboard" name="test_like_rt_503" time="0.107" /><testcase classname="tests.test_x_points_leaderboard" name="test_leaderboard_contains_dev_user_after_follow" time="0.165" /><testcase classname="tests.test_x_points_leaderboard" name="test_cleanup" time="0.083" /></testsuite></testsuites>