<?xml version="1.0" encoding="utf-8"?><testsuites name="pytest tests"><testsuite name="pytest" errors="0" failures="0" skipped="0" tests="14" time="2.719" timestamp="2026-09-18T19:24:55.120416+00:00" hostname="agent-env-f4efd563-3d13-4e77-8cee-9dff7f963899"><testcase classname="tests.test_x_router" name="test_config_unconfigured" time="0.373" /><testcase classname="tests.test_x_router" name="test_login_503_when_unconfigured" time="0.176" /><testcase classname="tests.test_x_router" name="test_me_without_cookie_returns_null" time="0.168" /><testcase classname="tests.test_x_router" name="test_dev_login_and_me" time="0.274" /><testcase classname="tests.test_x_router" name="test_evm_requires_auth" time="0.126" /><testcase classname="tests.test_x_router" name="test_evm_invalid_address" time="0.088" /><testcase classname="tests.test_x_router" name="test_evm_save_valid" time="0.089" /><testcase classname="tests.test_x_router" name="test_evm_conflict_second_save" time="0.147" /><testcase classname="tests.test_x_router" name="test_verify_unknown_task_404" time="0.086" /><testcase classname="tests.test_x_router" name="test_verify_quote_503_no_tweet" time="0.102" /><testcase classname="tests.test_x_router" name="test_verify_like_rt_503_no_tweet" time="0.110" /><testcase classname="tests.test_x_router" name="test_verify_follow_dev_ok" time="0.090" /><testcase classname="tests.test_x_router" name="test_me_persists_task_state" time="0.091" /><testcase classname="tests.test_x_router" name="test_logout" time="0.229" /></testsuite></testsuites>